生成启动时间为 2015/12/6 18:41:47。
     1>项目“E:\用户目录\我的文档\Visual Studio 2010\Projects\GradientDescent\GradientDescent\GradientDescent.vcxproj”在节点 2 上(build 个目标)。
     1>InitializeBuildStatus:
         正在对“Debug\GradientDescent.unsuccessfulbuild”执行 Touch 任务。
       ClCompile:
         C:\Program Files (x86)\Microsoft Visual Studio 10.0\VC\bin\CL.exe /c /ZI /nologo /W3 /WX- /Od /Oy- /D WIN32 /D _DEBUG /D _CONSOLE /D _UNICODE /D UNICODE /Gm /EHsc /RTC1 /MDd /GS /fp:precise /Zc:wchar_t /Zc:forScope /Fo"Debug\\" /Fd"Debug\vc100.pdb" /Gd /TP /analyze- /errorReport:prompt GradientDemo.cpp
         GradientDemo.cpp
     1>e:\用户目录\我的文档\visual studio 2010\projects\gradientdescent\gradientdescent\gradientdemo.cpp(158): warning C4244: “初始化”: 从“double”转换到“int”，可能丢失数据
       ManifestResourceCompile:
         所有输出均为最新。
       Link:
         C:\Program Files (x86)\Microsoft Visual Studio 10.0\VC\bin\link.exe /ERRORREPORT:PROMPT /OUT:"E:\用户目录\我的文档\Visual Studio 2010\Projects\GradientDescent\Debug\GradientDescent.exe" /INCREMENTAL /NOLOGO kernel32.lib user32.lib gdi32.lib winspool.lib comdlg32.lib advapi32.lib shell32.lib ole32.lib oleaut32.lib uuid.lib odbc32.lib odbccp32.lib /MANIFEST /ManifestFile:"Debug\GradientDescent.exe.intermediate.manifest" /MANIFESTUAC:"level='asInvoker' uiAccess='false'" /DEBUG /PDB:"E:\用户目录\我的文档\Visual Studio 2010\Projects\GradientDescent\Debug\GradientDescent.pdb" /SUBSYSTEM:CONSOLE /TLBID:1 /DYNAMICBASE /NXCOMPAT /IMPLIB:"E:\用户目录\我的文档\Visual Studio 2010\Projects\GradientDescent\Debug\GradientDescent.lib" /MACHINE:X86 Debug\GradientDescent.exe.embed.manifest.res
         Debug\GradientDemo.obj
       Manifest:
         C:\Program Files (x86)\Microsoft SDKs\Windows\v7.0A\bin\mt.exe /nologo /verbose /out:"Debug\GradientDescent.exe.embed.manifest" /manifest Debug\GradientDescent.exe.intermediate.manifest
         所有输出均为最新。
       LinkEmbedManifest:
         所有输出均为最新。
         GradientDescent.vcxproj -> E:\用户目录\我的文档\Visual Studio 2010\Projects\GradientDescent\Debug\GradientDescent.exe
       FinalizeBuildStatus:
         正在删除文件“Debug\GradientDescent.unsuccessfulbuild”。
         正在对“Debug\GradientDescent.lastbuildstate”执行 Touch 任务。
     1>已完成生成项目“E:\用户目录\我的文档\Visual Studio 2010\Projects\GradientDescent\GradientDescent\GradientDescent.vcxproj”(build 个目标)的操作。

生成成功。

已用时间 00:00:01.59
